<?xml version="1.0" encoding="UTF-8"?>
<!-- Generated by org.testng.reporters.JUnitReportReporter -->
<testsuite hostname="VN-PF1RDBZH" failures="0" tests="3" name="com.automation.testcases.MainTest" time="24.299" errors="0" timestamp="2021-02-17T18:54:06 ICT" skipped="0">
  <testcase classname="com.automation.testcases.MainTest" name="Step1_LoginGitHub" time="7.409"/>
  <system-out/>
  <testcase classname="com.automation.testcases.MainTest" name="Step2_addItemsList" time="8.193"/>
  <system-out/>
  <testcase classname="com.automation.testcases.MainTest" name="Step3_removeItemsList" time="8.697"/>
  <system-out/>
</testsuite> <!-- com.automation.testcases.MainTest -->
